# JRE version: Java(TM) SE Runtime Environment (8.0_111-b14) (build 1.8.0_111-b14)
# Java VM: Java HotSpot(TM) 64-Bit Server VM (25.111-b14 mixed mode windows-amd64 compressed oops)
Heap:
 PSYoungGen      total 333312K, used 110502K [0x00000000d6180000, 0x00000000eb780000, 0x0000000100000000)
  eden space 324608K, 33% used [0x00000000d6180000,0x00000000dca9b540,0x00000000e9e80000)
  from space 8704K, 33% used [0x00000000eaf00000,0x00000000eb1ce428,0x00000000eb780000)
  to   space 12800K, 0% used [0x00000000e9e80000,0x00000000e9e80000,0x00000000eab00000)
 ParOldGen       total 51712K, used 15824K [0x0000000082400000, 0x0000000085680000, 0x00000000d6180000)
  object space 51712K, 30% used [0x0000000082400000,0x0000000083374328,0x0000000085680000)
 Metaspace       used 25648K, capacity 26572K, committed 26624K, reserved 1073152K
  class space    used 3104K, capacity 3325K, committed 3328K, reserved 1048576K
GC Heap History (10 events):
Event: 8.609 GC heap before
{Heap before GC invocations=7 (full 1):
 PSYoungGen      total 61952K, used 57643K [0x00000000d6180000, 0x00000000ddf80000, 0x0000000100000000)
  eden space 56832K, 99% used [0x00000000d6180000,0x00000000d98e2010,0x00000000d9900000)
  from space 5120K, 18% used [0x00000000d9900000,0x00000000d99e8c90,0x00000000d9e00000)
  to   space 9216K, 0% used [0x00000000dd680000,0x00000000dd680000,0x00000000ddf80000)
 ParOldGen       total 51712K, used 7553K [0x0000000082400000, 0x0000000085680000, 0x00000000d6180000)
  object space 51712K, 14% used [0x0000000082400000,0x0000000082b605d0,0x0000000085680000)
 Metaspace       used 21124K, capacity 21860K, committed 22144K, reserved 1069056K
  class space    used 2719K, capacity 2905K, committed 2944K, reserved 1048576K
Event: 8.610 GC heap after
Heap after GC invocations=7 (full 1):
 PSYoungGen      total 119808K, used 1006K [0x00000000d6180000, 0x00000000ddf00000, 0x0000000100000000)
  eden space 111104K, 0% used [0x00000000d6180000,0x00000000d6180000,0x00000000dce00000)
  from space 8704K, 11% used [0x00000000dd680000,0x00000000dd77bb70,0x00000000ddf00000)
  to   space 8704K, 0% used [0x00000000dce00000,0x00000000dce00000,0x00000000dd680000)
 ParOldGen       total 51712K, used 7553K [0x0000000082400000, 0x0000000085680000, 0x00000000d6180000)
  object space 51712K, 14% used [0x0000000082400000,0x0000000082b605d0,0x0000000085680000)
 Metaspace       used 21124K, capacity 21860K, committed 22144K, reserved 1069056K
  class space    used 2719K, capacity 2905K, committed 2944K, reserved 1048576K
}
Event: 9.306 GC heap before
{Heap before GC invocations=8 (full 1):
 PSYoungGen      total 119808K, used 112110K [0x00000000d6180000, 0x00000000ddf00000, 0x0000000100000000)
  eden space 111104K, 100% used [0x00000000d6180000,0x00000000dce00000,0x00000000dce00000)
  from space 8704K, 11% used [0x00000000dd680000,0x00000000dd77bb70,0x00000000ddf00000)
  to   space 8704K, 0% used [0x00000000dce00000,0x00000000dce00000,0x00000000dd680000)
 ParOldGen       total 51712K, used 7553K [0x0000000082400000, 0x0000000085680000, 0x00000000d6180000)
  object space 51712K, 14% used [0x0000000082400000,0x0000000082b605d0,0x0000000085680000)
 Metaspace       used 21540K, capacity 22276K, committed 22528K, reserved 1069056K
  class space    used 2759K, capacity 2949K, committed 3072K, reserved 1048576K
Event: 9.308 GC heap after
Heap after GC invocations=8 (full 1):
 PSYoungGen      total 119808K, used 2074K [0x00000000d6180000, 0x00000000e4400000, 0x0000000100000000)
  eden space 111104K, 0% used [0x00000000d6180000,0x00000000d6180000,0x00000000dce00000)
  from space 8704K, 23% used [0x00000000dce00000,0x00000000dd0068a0,0x00000000dd680000)
  to   space 8192K, 0% used [0x00000000e3c00000,0x00000000e3c00000,0x00000000e4400000)
 ParOldGen       total 51712K, used 7561K [0x0000000082400000, 0x0000000085680000, 0x00000000d6180000)
  object space 51712K, 14% used [0x0000000082400000,0x0000000082b625d0,0x0000000085680000)
 Metaspace       used 21540K, capacity 22276K, committed 22528K, reserved 1069056K
  class space    used 2759K, capacity 2949K, committed 3072K, reserved 1048576K
}
Event: 18.329 GC heap before
{Heap before GC invocations=9 (full 1):
 PSYoungGen      total 119808K, used 113174K [0x00000000d6180000, 0x00000000e4400000, 0x0000000100000000)
  eden space 111104K, 99% used [0x00000000d6180000,0x00000000dcdff070,0x00000000dce00000)
  from space 8704K, 23% used [0x00000000dce00000,0x00000000dd0068a0,0x00000000dd680000)
  to   space 8192K, 0% used [0x00000000e3c00000,0x00000000e3c00000,0x00000000e4400000)
 ParOldGen       total 51712K, used 7561K [0x0000000082400000, 0x0000000085680000, 0x00000000d6180000)
  object space 51712K, 14% used [0x0000000082400000,0x0000000082b625d0,0x0000000085680000)
 Metaspace       used 25110K, capacity 25986K, committed 26112K, reserved 1073152K
  class space    used 3093K, capacity 3310K, committed 3328K, reserved 1048576K
Event: 18.334 GC heap after
Heap after GC invocations=9 (full 1):
 PSYoungGen      total 221184K, used 8161K [0x00000000d6180000, 0x00000000e4780000, 0x0000000100000000)
  eden space 212992K, 0% used [0x00000000d6180000,0x00000000d6180000,0x00000000e3180000)
  from space 8192K, 99% used [0x00000000e3c00000,0x00000000e43f8440,0x00000000e4400000)
  to   space 10752K, 0% used [0x00000000e3180000,0x00000000e3180000,0x00000000e3c00000)
 ParOldGen       total 51712K, used 9449K [0x0000000082400000, 0x0000000085680000, 0x00000000d6180000)
  object space 51712K, 18% used [0x0000000082400000,0x0000000082d3a560,0x0000000085680000)
 Metaspace       used 25110K, capacity 25986K, committed 26112K, reserved 1073152K
  class space    used 3093K, capacity 3310K, committed 3328K, reserved 1048576K
}
Event: 23.820 GC heap before
{Heap before GC invocations=10 (full 1):
 PSYoungGen      total 221184K, used 221153K [0x00000000d6180000, 0x00000000e4780000, 0x0000000100000000)
  eden space 212992K, 100% used [0x00000000d6180000,0x00000000e3180000,0x00000000e3180000)
  from space 8192K, 99% used [0x00000000e3c00000,0x00000000e43f8440,0x00000000e4400000)
  to   space 10752K, 0% used [0x00000000e3180000,0x00000000e3180000,0x00000000e3c00000)
 ParOldGen       total 51712K, used 9449K [0x0000000082400000, 0x0000000085680000, 0x00000000d6180000)
  object space 51712K, 18% used [0x0000000082400000,0x0000000082d3a560,0x0000000085680000)
 Metaspace       used 25490K, capacity 26350K, committed 26624K, reserved 1073152K
  class space    used 3100K, capacity 3320K, committed 3328K, reserved 1048576K
Event: 23.825 GC heap after
Heap after GC invocations=10 (full 1):
 PSYoungGen      total 223744K, used 10736K [0x00000000d6180000, 0x00000000ebc00000, 0x0000000100000000)
  eden space 212992K, 0% used [0x00000000d6180000,0x00000000d6180000,0x00000000e3180000)
  from space 10752K, 99% used [0x00000000e3180000,0x00000000e3bfc098,0x00000000e3c00000)
  to   space 13312K, 0% used [0x00000000eaf00000,0x00000000eaf00000,0x00000000ebc00000)
 ParOldGen       total 51712K, used 10197K [0x0000000082400000, 0x0000000085680000, 0x00000000d6180000)
  object space 51712K, 19% used [0x0000000082400000,0x0000000082df55e0,0x0000000085680000)
 Metaspace       used 25490K, capacity 26350K, committed 26624K, reserved 1073152K
  class space    used 3100K, capacity 3320K, committed 3328K, reserved 1048576K
}
Event: 35.395 GC heap before
{Heap before GC invocations=11 (full 1):
 PSYoungGen      total 223744K, used 223728K [0x00000000d6180000, 0x00000000ebc00000, 0x0000000100000000)
  eden space 212992K, 100% used [0x00000000d6180000,0x00000000e3180000,0x00000000e3180000)
  from space 10752K, 99% used [0x00000000e3180000,0x00000000e3bfc098,0x00000000e3c00000)
  to   space 13312K, 0% used [0x00000000eaf00000,0x00000000eaf00000,0x00000000ebc00000)
 ParOldGen       total 51712K, used 10197K [0x0000000082400000, 0x0000000085680000, 0x00000000d6180000)
  object space 51712K, 19% used [0x0000000082400000,0x0000000082df55e0,0x0000000085680000)
 Metaspace       used 25645K, capacity 26572K, committed 26624K, reserved 1073152K
  class space    used 3104K, capacity 3325K, committed 3328K, reserved 1048576K
Event: 35.403 GC heap after
Heap after GC invocations=11 (full 1):
 PSYoungGen      total 333312K, used 2873K [0x00000000d6180000, 0x00000000eb780000, 0x0000000100000000)
  eden space 324608K, 0% used [0x00000000d6180000,0x00000000d6180000,0x00000000e9e80000)
  from space 8704K, 33% used [0x00000000eaf00000,0x00000000eb1ce428,0x00000000eb780000)
  to   space 12800K, 0% used [0x00000000e9e80000,0x00000000e9e80000,0x00000000eab00000)
 ParOldGen       total 51712K, used 15824K [0x0000000082400000, 0x0000000085680000, 0x00000000d6180000)
  object space 51712K, 30% used [0x0000000082400000,0x0000000083374328,0x0000000085680000)
 Metaspace       used 25645K, capacity 26572K, committed 26624K, reserved 1073152K
  class space    used 3104K, capacity 3325K, committed 3328K, reserved 1048576K
}

