# JRE version: Java(TM) SE Runtime Environment (8.0_111-b14) (build 1.8.0_111-b14)
# Java VM: Java HotSpot(TM) 64-Bit Server VM (25.111-b14 mixed mode windows-amd64 compressed oops)
Heap:
 PSYoungGen      total 668160K, used 399915K [0x00000000d6900000, 0x00000000fff00000, 0x0000000100000000)
  eden space 659456K, 60% used [0x00000000d6900000,0x00000000eef52f28,0x00000000fed00000)
  from space 8704K, 2% used [0x00000000ff680000,0x00000000ff6b8000,0x00000000fff00000)
  to   space 9216K, 0% used [0x00000000fed00000,0x00000000fed00000,0x00000000ff600000)
 ParOldGen       total 50688K, used 15950K [0x0000000083a00000, 0x0000000086b80000, 0x00000000d6900000)
  object space 50688K, 31% used [0x0000000083a00000,0x0000000084993858,0x0000000086b80000)
 Metaspace       used 26072K, capacity 27008K, committed 27264K, reserved 1073152K
  class space    used 3213K, capacity 3449K, committed 3456K, reserved 1048576K
GC Heap History (10 events):
Event: 53.338 GC heap before
{Heap before GC invocations=13 (full 1):
 PSYoungGen      total 220160K, used 210738K [0x00000000d6900000, 0x00000000ec480000, 0x0000000100000000)
  eden space 209408K, 100% used [0x00000000d6900000,0x00000000e3580000,0x00000000e3580000)
  from space 10752K, 12% used [0x00000000e3580000,0x00000000e36cc970,0x00000000e4000000)
  to   space 10752K, 0% used [0x00000000eba00000,0x00000000eba00000,0x00000000ec480000)
 ParOldGen       total 50688K, used 14637K [0x0000000083a00000, 0x0000000086b80000, 0x00000000d6900000)
  object space 50688K, 28% used [0x0000000083a00000,0x000000008484b660,0x0000000086b80000)
 Metaspace       used 25327K, capacity 26264K, committed 26496K, reserved 1073152K
  class space    used 3204K, capacity 3439K, committed 3456K, reserved 1048576K
Event: 53.339 GC heap after
Heap after GC invocations=13 (full 1):
 PSYoungGen      total 343040K, used 368K [0x00000000d6900000, 0x00000000ec300000, 0x0000000100000000)
  eden space 333824K, 0% used [0x00000000d6900000,0x00000000d6900000,0x00000000eaf00000)
  from space 9216K, 3% used [0x00000000eba00000,0x00000000eba5c010,0x00000000ec300000)
  to   space 10240K, 0% used [0x00000000eaf00000,0x00000000eaf00000,0x00000000eb900000)
 ParOldGen       total 50688K, used 15436K [0x0000000083a00000, 0x0000000086b80000, 0x00000000d6900000)
  object space 50688K, 30% used [0x0000000083a00000,0x0000000084913398,0x0000000086b80000)
 Metaspace       used 25327K, capacity 26264K, committed 26496K, reserved 1073152K
  class space    used 3204K, capacity 3439K, committed 3456K, reserved 1048576K
}
Event: 53.651 GC heap before
{Heap before GC invocations=14 (full 1):
 PSYoungGen      total 343040K, used 334192K [0x00000000d6900000, 0x00000000ec300000, 0x0000000100000000)
  eden space 333824K, 100% used [0x00000000d6900000,0x00000000eaf00000,0x00000000eaf00000)
  from space 9216K, 3% used [0x00000000eba00000,0x00000000eba5c010,0x00000000ec300000)
  to   space 10240K, 0% used [0x00000000eaf00000,0x00000000eaf00000,0x00000000eb900000)
 ParOldGen       total 50688K, used 15436K [0x0000000083a00000, 0x0000000086b80000, 0x00000000d6900000)
  object space 50688K, 30% used [0x0000000083a00000,0x0000000084913398,0x0000000086b80000)
 Metaspace       used 25405K, capacity 26332K, committed 26496K, reserved 1073152K
  class space    used 3204K, capacity 3439K, committed 3456K, reserved 1048576K
Event: 53.653 GC heap after
Heap after GC invocations=14 (full 1):
 PSYoungGen      total 344064K, used 464K [0x00000000d6900000, 0x00000000f8380000, 0x0000000100000000)
  eden space 333824K, 0% used [0x00000000d6900000,0x00000000d6900000,0x00000000eaf00000)
  from space 10240K, 4% used [0x00000000eaf00000,0x00000000eaf74250,0x00000000eb900000)
  to   space 10240K, 0% used [0x00000000f7980000,0x00000000f7980000,0x00000000f8380000)
 ParOldGen       total 50688K, used 15556K [0x0000000083a00000, 0x0000000086b80000, 0x00000000d6900000)
  object space 50688K, 30% used [0x0000000083a00000,0x00000000849313a8,0x0000000086b80000)
 Metaspace       used 25405K, capacity 26332K, committed 26496K, reserved 1073152K
  class space    used 3204K, capacity 3439K, committed 3456K, reserved 1048576K
}
Event: 53.969 GC heap before
{Heap before GC invocations=15 (full 1):
 PSYoungGen      total 344064K, used 334288K [0x00000000d6900000, 0x00000000f8380000, 0x0000000100000000)
  eden space 333824K, 100% used [0x00000000d6900000,0x00000000eaf00000,0x00000000eaf00000)
  from space 10240K, 4% used [0x00000000eaf00000,0x00000000eaf74250,0x00000000eb900000)
  to   space 10240K, 0% used [0x00000000f7980000,0x00000000f7980000,0x00000000f8380000)
 ParOldGen       total 50688K, used 15556K [0x0000000083a00000, 0x0000000086b80000, 0x00000000d6900000)
  object space 50688K, 30% used [0x0000000083a00000,0x00000000849313a8,0x0000000086b80000)
 Metaspace       used 25483K, capacity 26396K, committed 26496K, reserved 1073152K
  class space    used 3204K, capacity 3439K, committed 3456K, reserved 1048576K
Event: 53.970 GC heap after
Heap after GC invocations=15 (full 1):
 PSYoungGen      total 538112K, used 288K [0x00000000d6900000, 0x00000000f8180000, 0x0000000100000000)
  eden space 529920K, 0% used [0x00000000d6900000,0x00000000d6900000,0x00000000f6e80000)
  from space 8192K, 3% used [0x00000000f7980000,0x00000000f79c8000,0x00000000f8180000)
  to   space 9728K, 0% used [0x00000000f6e80000,0x00000000f6e80000,0x00000000f7800000)
 ParOldGen       total 50688K, used 15758K [0x0000000083a00000, 0x0000000086b80000, 0x00000000d6900000)
  object space 50688K, 31% used [0x0000000083a00000,0x0000000084963858,0x0000000086b80000)
 Metaspace       used 25483K, capacity 26396K, committed 26496K, reserved 1073152K
  class space    used 3204K, capacity 3439K, committed 3456K, reserved 1048576K
}
Event: 54.316 GC heap before
{Heap before GC invocations=16 (full 1):
 PSYoungGen      total 538112K, used 530208K [0x00000000d6900000, 0x00000000f8180000, 0x0000000100000000)
  eden space 529920K, 100% used [0x00000000d6900000,0x00000000f6e80000,0x00000000f6e80000)
  from space 8192K, 3% used [0x00000000f7980000,0x00000000f79c8000,0x00000000f8180000)
  to   space 9728K, 0% used [0x00000000f6e80000,0x00000000f6e80000,0x00000000f7800000)
 ParOldGen       total 50688K, used 15758K [0x0000000083a00000, 0x0000000086b80000, 0x00000000d6900000)
  object space 50688K, 31% used [0x0000000083a00000,0x0000000084963858,0x0000000086b80000)
 Metaspace       used 25509K, capacity 26460K, committed 26496K, reserved 1073152K
  class space    used 3204K, capacity 3439K, committed 3456K, reserved 1048576K
Event: 54.318 GC heap after
Heap after GC invocations=16 (full 1):
 PSYoungGen      total 539648K, used 256K [0x00000000d6900000, 0x0000000100000000, 0x0000000100000000)
  eden space 529920K, 0% used [0x00000000d6900000,0x00000000d6900000,0x00000000f6e80000)
  from space 9728K, 2% used [0x00000000f6e80000,0x00000000f6ec0000,0x00000000f7800000)
  to   space 9728K, 0% used [0x00000000ff680000,0x00000000ff680000,0x0000000100000000)
 ParOldGen       total 50688K, used 15886K [0x0000000083a00000, 0x0000000086b80000, 0x00000000d6900000)
  object space 50688K, 31% used [0x0000000083a00000,0x0000000084983858,0x0000000086b80000)
 Metaspace       used 25509K, capacity 26460K, committed 26496K, reserved 1073152K
  class space    used 3204K, capacity 3439K, committed 3456K, reserved 1048576K
}
Event: 54.564 GC heap before
{Heap before GC invocations=17 (full 1):
 PSYoungGen      total 539648K, used 530176K [0x00000000d6900000, 0x0000000100000000, 0x0000000100000000)
  eden space 529920K, 100% used [0x00000000d6900000,0x00000000f6e80000,0x00000000f6e80000)
  from space 9728K, 2% used [0x00000000f6e80000,0x00000000f6ec0000,0x00000000f7800000)
  to   space 9728K, 0% used [0x00000000ff680000,0x00000000ff680000,0x0000000100000000)
 ParOldGen       total 50688K, used 15886K [0x0000000083a00000, 0x0000000086b80000, 0x00000000d6900000)
  object space 50688K, 31% used [0x0000000083a00000,0x0000000084983858,0x0000000086b80000)
 Metaspace       used 25521K, capacity 26460K, committed 26496K, reserved 1073152K
  class space    used 3204K, capacity 3439K, committed 3456K, reserved 1048576K
Event: 54.565 GC heap after
Heap after GC invocations=17 (full 1):
 PSYoungGen      total 668160K, used 224K [0x00000000d6900000, 0x00000000fff00000, 0x0000000100000000)
  eden space 659456K, 0% used [0x00000000d6900000,0x00000000d6900000,0x00000000fed00000)
  from space 8704K, 2% used [0x00000000ff680000,0x00000000ff6b8000,0x00000000fff00000)
  to   space 9216K, 0% used [0x00000000fed00000,0x00000000fed00000,0x00000000ff600000)
 ParOldGen       total 50688K, used 15950K [0x0000000083a00000, 0x0000000086b80000, 0x00000000d6900000)
  object space 50688K, 31% used [0x0000000083a00000,0x0000000084993858,0x0000000086b80000)
 Metaspace       used 25521K, capacity 26460K, committed 26496K, reserved 1073152K
  class space    used 3204K, capacity 3439K, committed 3456K, reserved 1048576K
}

