# JRE version: Java(TM) SE Runtime Environment (8.0_111-b14) (build 1.8.0_111-b14)
# Java VM: Java HotSpot(TM) 64-Bit Server VM (25.111-b14 mixed mode windows-amd64 compressed oops)
Heap:
 PSYoungGen      total 325120K, used 40279K [0x00000000d6180000, 0x00000000f4f00000, 0x0000000100000000)
  eden space 314368K, 12% used [0x00000000d6180000,0x00000000d875f6f0,0x00000000e9480000)
  from space 10752K, 13% used [0x00000000e9480000,0x00000000e95f6890,0x00000000e9f00000)
  to   space 10240K, 0% used [0x00000000f4500000,0x00000000f4500000,0x00000000f4f00000)
 ParOldGen       total 44032K, used 17203K [0x0000000082400000, 0x0000000084f00000, 0x00000000d6180000)
  object space 44032K, 39% used [0x0000000082400000,0x00000000834ccc50,0x0000000084f00000)
 Metaspace       used 26183K, capacity 27138K, committed 27264K, reserved 1073152K
  class space    used 3209K, capacity 3424K, committed 3456K, reserved 1048576K
GC Heap History (10 events):
Event: 17.022 GC heap before
{Heap before GC invocations=10 (full 1):
 PSYoungGen      total 137216K, used 128794K [0x00000000d6180000, 0x00000000df000000, 0x0000000100000000)
  eden space 128512K, 100% used [0x00000000d6180000,0x00000000ddf00000,0x00000000ddf00000)
  from space 8704K, 3% used [0x00000000de780000,0x00000000de7c69a8,0x00000000df000000)
  to   space 8704K, 0% used [0x00000000ddf00000,0x00000000ddf00000,0x00000000de780000)
 ParOldGen       total 44032K, used 8448K [0x0000000082400000, 0x0000000084f00000, 0x00000000d6180000)
  object space 44032K, 19% used [0x0000000082400000,0x0000000082c402c0,0x0000000084f00000)
 Metaspace       used 25423K, capacity 26286K, committed 26496K, reserved 1073152K
  class space    used 3166K, capacity 3382K, committed 3456K, reserved 1048576K
Event: 17.028 GC heap after
Heap after GC invocations=10 (full 1):
 PSYoungGen      total 137216K, used 8339K [0x00000000d6180000, 0x00000000e3c00000, 0x0000000100000000)
  eden space 128512K, 0% used [0x00000000d6180000,0x00000000d6180000,0x00000000ddf00000)
  from space 8704K, 95% used [0x00000000ddf00000,0x00000000de724e68,0x00000000de780000)
  to   space 10240K, 0% used [0x00000000e3200000,0x00000000e3200000,0x00000000e3c00000)
 ParOldGen       total 44032K, used 8456K [0x0000000082400000, 0x0000000084f00000, 0x00000000d6180000)
  object space 44032K, 19% used [0x0000000082400000,0x0000000082c422c0,0x0000000084f00000)
 Metaspace       used 25423K, capacity 26286K, committed 26496K, reserved 1073152K
  class space    used 3166K, capacity 3382K, committed 3456K, reserved 1048576K
}
Event: 22.589 GC heap before
{Heap before GC invocations=11 (full 1):
 PSYoungGen      total 137216K, used 136851K [0x00000000d6180000, 0x00000000e3c00000, 0x0000000100000000)
  eden space 128512K, 100% used [0x00000000d6180000,0x00000000ddf00000,0x00000000ddf00000)
  from space 8704K, 95% used [0x00000000ddf00000,0x00000000de724e68,0x00000000de780000)
  to   space 10240K, 0% used [0x00000000e3200000,0x00000000e3200000,0x00000000e3c00000)
 ParOldGen       total 44032K, used 8460K [0x0000000082400000, 0x0000000084f00000, 0x00000000d6180000)
  object space 44032K, 19% used [0x0000000082400000,0x0000000082c43110,0x0000000084f00000)
 Metaspace       used 25868K, capacity 26768K, committed 27008K, reserved 1073152K
  class space    used 3198K, capacity 3415K, committed 3456K, reserved 1048576K
Event: 22.594 GC heap after
Heap after GC invocations=11 (full 1):
 PSYoungGen      total 212480K, used 7907K [0x00000000d6180000, 0x00000000e3d80000, 0x0000000100000000)
  eden space 202240K, 0% used [0x00000000d6180000,0x00000000d6180000,0x00000000e2700000)
  from space 10240K, 77% used [0x00000000e3200000,0x00000000e39b8df8,0x00000000e3c00000)
  to   space 11264K, 0% used [0x00000000e2700000,0x00000000e2700000,0x00000000e3200000)
 ParOldGen       total 44032K, used 8468K [0x0000000082400000, 0x0000000084f00000, 0x00000000d6180000)
  object space 44032K, 19% used [0x0000000082400000,0x0000000082c45110,0x0000000084f00000)
 Metaspace       used 25868K, capacity 26768K, committed 27008K, reserved 1073152K
  class space    used 3198K, capacity 3415K, committed 3456K, reserved 1048576K
}
Event: 29.132 GC heap before
{Heap before GC invocations=12 (full 1):
 PSYoungGen      total 212480K, used 210147K [0x00000000d6180000, 0x00000000e3d80000, 0x0000000100000000)
  eden space 202240K, 100% used [0x00000000d6180000,0x00000000e2700000,0x00000000e2700000)
  from space 10240K, 77% used [0x00000000e3200000,0x00000000e39b8df8,0x00000000e3c00000)
  to   space 11264K, 0% used [0x00000000e2700000,0x00000000e2700000,0x00000000e3200000)
 ParOldGen       total 44032K, used 8468K [0x0000000082400000, 0x0000000084f00000, 0x00000000d6180000)
  object space 44032K, 19% used [0x0000000082400000,0x0000000082c45110,0x0000000084f00000)
 Metaspace       used 26075K, capacity 27038K, committed 27264K, reserved 1073152K
  class space    used 3203K, capacity 3418K, committed 3456K, reserved 1048576K
Event: 29.137 GC heap after
Heap after GC invocations=12 (full 1):
 PSYoungGen      total 213504K, used 1483K [0x00000000d6180000, 0x00000000ead00000, 0x0000000100000000)
  eden space 202240K, 0% used [0x00000000d6180000,0x00000000d6180000,0x00000000e2700000)
  from space 11264K, 13% used [0x00000000e2700000,0x00000000e2872da8,0x00000000e3200000)
  to   space 11264K, 0% used [0x00000000ea200000,0x00000000ea200000,0x00000000ead00000)
 ParOldGen       total 44032K, used 15703K [0x0000000082400000, 0x0000000084f00000, 0x00000000d6180000)
  object space 44032K, 35% used [0x0000000082400000,0x0000000083355de8,0x0000000084f00000)
 Metaspace       used 26075K, capacity 27038K, committed 27264K, reserved 1073152K
  class space    used 3203K, capacity 3418K, committed 3456K, reserved 1048576K
}
Event: 35.381 GC heap before
{Heap before GC invocations=13 (full 1):
 PSYoungGen      total 213504K, used 203723K [0x00000000d6180000, 0x00000000ead00000, 0x0000000100000000)
  eden space 202240K, 100% used [0x00000000d6180000,0x00000000e2700000,0x00000000e2700000)
  from space 11264K, 13% used [0x00000000e2700000,0x00000000e2872da8,0x00000000e3200000)
  to   space 11264K, 0% used [0x00000000ea200000,0x00000000ea200000,0x00000000ead00000)
 ParOldGen       total 44032K, used 15703K [0x0000000082400000, 0x0000000084f00000, 0x00000000d6180000)
  object space 44032K, 35% used [0x0000000082400000,0x0000000083355de8,0x0000000084f00000)
 Metaspace       used 26153K, capacity 27066K, committed 27264K, reserved 1073152K
  class space    used 3209K, capacity 3424K, committed 3456K, reserved 1048576K
Event: 35.383 GC heap after
Heap after GC invocations=13 (full 1):
 PSYoungGen      total 322048K, used 544K [0x00000000d6180000, 0x00000000ea980000, 0x0000000100000000)
  eden space 314368K, 0% used [0x00000000d6180000,0x00000000d6180000,0x00000000e9480000)
  from space 7680K, 7% used [0x00000000ea200000,0x00000000ea288240,0x00000000ea980000)
  to   space 10752K, 0% used [0x00000000e9480000,0x00000000e9480000,0x00000000e9f00000)
 ParOldGen       total 44032K, used 16960K [0x0000000082400000, 0x0000000084f00000, 0x00000000d6180000)
  object space 44032K, 38% used [0x0000000082400000,0x0000000083490310,0x0000000084f00000)
 Metaspace       used 26153K, capacity 27066K, committed 27264K, reserved 1073152K
  class space    used 3209K, capacity 3424K, committed 3456K, reserved 1048576K
}
Event: 42.076 GC heap before
{Heap before GC invocations=14 (full 1):
 PSYoungGen      total 322048K, used 314912K [0x00000000d6180000, 0x00000000ea980000, 0x0000000100000000)
  eden space 314368K, 100% used [0x00000000d6180000,0x00000000e9480000,0x00000000e9480000)
  from space 7680K, 7% used [0x00000000ea200000,0x00000000ea288240,0x00000000ea980000)
  to   space 10752K, 0% used [0x00000000e9480000,0x00000000e9480000,0x00000000e9f00000)
 ParOldGen       total 44032K, used 16960K [0x0000000082400000, 0x0000000084f00000, 0x00000000d6180000)
  object space 44032K, 38% used [0x0000000082400000,0x0000000083490310,0x0000000084f00000)
 Metaspace       used 26183K, capacity 27138K, committed 27264K, reserved 1073152K
  class space    used 3209K, capacity 3424K, committed 3456K, reserved 1048576K
Event: 42.078 GC heap after
Heap after GC invocations=14 (full 1):
 PSYoungGen      total 325120K, used 1498K [0x00000000d6180000, 0x00000000f4f00000, 0x0000000100000000)
  eden space 314368K, 0% used [0x00000000d6180000,0x00000000d6180000,0x00000000e9480000)
  from space 10752K, 13% used [0x00000000e9480000,0x00000000e95f6890,0x00000000e9f00000)
  to   space 10240K, 0% used [0x00000000f4500000,0x00000000f4500000,0x00000000f4f00000)
 ParOldGen       total 44032K, used 17203K [0x0000000082400000, 0x0000000084f00000, 0x00000000d6180000)
  object space 44032K, 39% used [0x0000000082400000,0x00000000834ccc50,0x0000000084f00000)
 Metaspace       used 26183K, capacity 27138K, committed 27264K, reserved 1073152K
  class space    used 3209K, capacity 3424K, committed 3456K, reserved 1048576K
}

